moore01 klbrown pts/0
moore02 li400 tty7
moore05 swilkewi tty7
moore07 crabillm pts/0
moore07 crabillm pts/1
moore07 crabillm pts/2
moore08 wang1106 tty7
moore08 wang1106 pts/0
moore08 wang1106 pts/1
moore09 rshankar pts/0
moore09 yu207 tty7
moore09 long61 pts/1
moore10 nguye167 tty7
moore10 nguye167 pts/0
moore12 moore269 pts/0
moore13 rice35 tty7
moore13 rice35 pts/0
moore13 rice35 pts/1
moore14 aruberso tty7
moore14 aruberso pts/0
moore15 jfoeh tty7
moore17 mprovenz pts/0
moore17 mprovenz pts/1
moore18 xiao67 tty7
moore20 vnataraj tty7
moore20 vnataraj pts/0
moore22 rshankar pts/0
moore23 rshankar tty7
moore23 rshankar pts/2
moore23 rshankar pts/0
moore23 rshankar pts/4
moore23 rshankar pts/5
moore24 cwendt tty7
moore24 cwendt pts/0
sslab01 zsuleime tty7
sslab01 chancm pts/2
sslab01 kheo pts/9
sslab02 chancm pts/2
sslab02 vsinha pts/10
sslab05 bspayev tty8
sslab05 gu26 pts/0
sslab05 bspayev pts/2
sslab05 bspayev pts/3
sslab05 bspayev pts/4
sslab07 mounts tty7
sslab07 mounts pts/0
sslab08 skayyali tty7
sslab08 skayyali pts/0
sslab11 su17 pts/1
sslab19 arnold44 tty7
sslab19 arnold44 pts/1
sslab24 zlawson tty7
sslab24 zlawson pts/0
sslab24 zlawson pts/2
borg01 rshankar pts/0
borg01 rshankar pts/1
borg01 rshankar pts/2
borg04 ogg tty7
borg04 ogg pts/0
borg07 phill117 tty7
borg07 phill117 pts/0
borg10 tracy1 tty1
borg10 cui38 tty7
borg13 du25 tty7
borg15 jagarwa tty7
borg15 jagarwa pts/0
borg18 christ35 pts/0
borg21 bkuehn tty7
borg22 bkaetzel tty7
xinu00 byrdc pts/7
xinu00 yoo7 pts/20
xinu00 yoo7 pts/24
xinu00 cheng75 pts/13
xinu00 cheng75 pts/15
xinu01 yoo7 pts/0
xinu01 hussain1 pts/1
xinu01 hussain1 pts/2
xinu01 hussain1 pts/3
xinu01 luo123 pts/4
xinu01 yoo7 pts/5
xinu01 yoo7 pts/6
xinu01 maruiz pts/7
xinu01 mcclure pts/8
xinu01 hussain1 pts/11
xinu01 hussain1 pts/12
xinu01 byrdc pts/13
xinu02 yoo7 pts/1
xinu03 avery0 pts/0
xinu03 erezig pts/1
xinu03 kkienka pts/2
xinu04 ban pts/1
xinu05 ban pts/1
xinu06 kim1051 pts/1
xinu06 kim1051 pts/2
xinu06 kim1051 pts/3
xinu06 kim1051 pts/4
xinu07 wetzel4 pts/2
xinu08 kkienka pts/0
xinu08 yuan27 tty7
xinu08 yuan27 pts/1
xinu09 zzhylkai pts/0
xinu09 kkienka pts/1
xinu10 kkienka pts/0
xinu16 spalacio pts/0
xinu16 sfeulner pts/1
xinu16 sfeulner pts/2
xinu17 perry74 tty7
xinu17 sfeulner pts/0
sac01 tkimia tty7
sac01 tkimia pts/0
sac01 tkimia pts/1
sac02 zsoehren tty7
sac03 sabonda tty8
sac04 ogolan tty7
sac04 ogolan pts/0
sac05 abhonsle tty8
sac07 mille631 tty7
sac09 springet tty7
sac10 joshi18 tty7
sac10 joshi18 pts/0
sac11 zhan1348 tty8
sac12 rsphifer tty7
sac12 rsphifer pts/0
sac13 wlou tty8
pod1-4 vnjotose tty7
pod1-4 vnjotose pts/0
pod1-4 vnjotose pts/1
pod1-4 vnjotose pts/2
pod1-4 vnjotose pts/3
pod3-1 crouleau pts/0
pod3-1 crouleau pts/1
pod3-1 crouleau pts/2
pod3-4 menane tty7
pod4-5 guo72 tty7
pod5-1 twolvert tty7
pod5-1 twolvert pts/0
pod5-1 twolvert pts/1
pod5-2 cbauschk tty7
pod5-2 cbauschk pts/0
pod5-4 guo78 tty7
pod5-4 guo78 pts/0
pod5-4 guo78 pts/1
pod5-5 long61 tty7
pod5-5 long61 pts/0
pod0-0 gkrichar pts/0
pod0-0 jind tty7
pod0-0 gkrichar pts/1
pod0-0 gkrichar pts/3
mc01 pshrest pts/1
mc01 khan58 pts/20
mc02 szhe pts/3
mc03 szhe pts/10
mc04 szhe pts/2
mc10 ma18 pts/0
mc10 ma18 pts/1
mc10 ma18 pts/3
mc10 ma18 pts/5
mc10 ma18 pts/6
mc11 ma18 pts/0
mc11 ma18 pts/1
mc12 ma18 pts/0
mc12 ma18 pts/2
mc13 ma18 pts/0
mc13 ma18 pts/1
mc14 ma18 pts/0
mc14 ma18 pts/1
mc14 yeh10 pts/2
mc16 hussain1 pts/0
mc18 zhu36 pts/6
mc18 reese5 pts/13
mc18 zhu36 pts/14
mc18 zhu36 pts/17
mc18 zhu36 pts/12
mc18 zhu36 pts/3
mc18 zhu36 pts/46
data cbauschk pts/3
data dtschida pts/8
data xiong28 pts/19
data rshankar pts/27
data dhelia pts/30
data lee23 pts/31
data fahmy pts/34
data lee23 pts/37
data wei72 pts/41
data lee23 pts/50
data ashildmy pts/51
data cho197 pts/72
data chang241 pts/74
data grr pts/75
data kkohlmor pts/76
data lee23 pts/87
data ma70 pts/90
data yang441 pts/93
data yang441 pts/94
